{"/Users/christopher/Code/blog/jest/__fixtures__/all-markdown-remark.js": {"path":"/Users/christopher/Code/blog/jest/__fixtures__/all-markdown-remark.js","statementMap":{"0":{"start":{"line":3,"column":0},"end":{"line":46,"column":2}}},"fnMap":{},"branchMap":{},"s":{"0":5},"f":{},"b":{},"_coverageSchema":"43e27e138ebf9cfc5966b082cf9a028302ed4184","hash":"a5190fed348d578ef4d51aab39fc195d02917823"}
,"/Users/christopher/Code/blog/jest/__fixtures__/markdown-remark.js": {"path":"/Users/christopher/Code/blog/jest/__fixtures__/markdown-remark.js","statementMap":{"0":{"start":{"line":3,"column":0},"end":{"line":23,"column":2}}},"fnMap":{},"branchMap":{},"s":{"0":2},"f":{},"b":{},"_coverageSchema":"43e27e138ebf9cfc5966b082cf9a028302ed4184","hash":"89a399ae90c300720363018941e37533ecea2c29"}
,"/Users/christopher/Code/blog/jest/__fixtures__/page-context.js": {"path":"/Users/christopher/Code/blog/jest/__fixtures__/page-context.js","statementMap":{"0":{"start":{"line":3,"column":0},"end":{"line":13,"column":2}}},"fnMap":{},"branchMap":{},"s":{"0":3},"f":{},"b":{},"_coverageSchema":"43e27e138ebf9cfc5966b082cf9a028302ed4184","hash":"2ff584e8a890fd2ed4faf112fd0acd136006aa33"}
,"/Users/christopher/Code/blog/jest/__fixtures__/site-metadata.js": {"path":"/Users/christopher/Code/blog/jest/__fixtures__/site-metadata.js","statementMap":{"0":{"start":{"line":3,"column":0},"end":{"line":37,"column":2}}},"fnMap":{},"branchMap":{},"s":{"0":12},"f":{},"b":{},"_coverageSchema":"43e27e138ebf9cfc5966b082cf9a028302ed4184","hash":"490f49bfa19c56d5c04fc797e7171be0688dc72a"}
,"/Users/christopher/Code/blog/src/components/Feed/Feed.js": {"path":"/Users/christopher/Code/blog/src/components/Feed/Feed.js","statementMap":{"0":{"start":{"line":12,"column":13},"end":{"line":33,"column":1}},"1":{"start":{"line":13,"column":2},"end":{"line":32,"column":8}},"2":{"start":{"line":15,"column":6},"end":{"line":30,"column":12}}},"fnMap":{"0":{"name":"(anonymous_0)","decl":{"start":{"line":12,"column":13},"end":{"line":12,"column":14}},"loc":{"start":{"line":13,"column":2},"end":{"line":32,"column":8}},"line":13},"1":{"name":"(anonymous_1)","decl":{"start":{"line":14,"column":15},"end":{"line":14,"column":16}},"loc":{"start":{"line":15,"column":6},"end":{"line":30,"column":12}},"line":15}},"branchMap":{},"s":{"0":4,"1":4,"2":8},"f":{"0":4,"1":8},"b":{},"_coverageSchema":"43e27e138ebf9cfc5966b082cf9a028302ed4184","hash":"5ede93c7a86d2feeebefc43d819dad78f99ab986"}
,"/Users/christopher/Code/blog/src/components/Feed/index.js": {"path":"/Users/christopher/Code/blog/src/components/Feed/index.js","statementMap":{},"fnMap":{},"branchMap":{},"s":{},"f":{},"b":{},"_coverageSchema":"43e27e138ebf9cfc5966b082cf9a028302ed4184","hash":"906c902c490fb269721742c9dd27707b76bb2716"}
,"/Users/christopher/Code/blog/src/components/Icon/Icon.js": {"path":"/Users/christopher/Code/blog/src/components/Icon/Icon.js","statementMap":{"0":{"start":{"line":12,"column":13},"end":{"line":16,"column":1}},"1":{"start":{"line":13,"column":2},"end":{"line":15,"column":8}}},"fnMap":{"0":{"name":"(anonymous_0)","decl":{"start":{"line":12,"column":13},"end":{"line":12,"column":14}},"loc":{"start":{"line":13,"column":2},"end":{"line":15,"column":8}},"line":13}},"branchMap":{},"s":{"0":1,"1":1},"f":{"0":1},"b":{},"_coverageSchema":"43e27e138ebf9cfc5966b082cf9a028302ed4184","hash":"7fe263868479396a00179510d7bd4c046d18ea8d"}
,"/Users/christopher/Code/blog/src/components/Layout/Layout.js": {"path":"/Users/christopher/Code/blog/src/components/Layout/Layout.js","statementMap":{"0":{"start":{"line":13,"column":15},"end":{"line":22,"column":1}},"1":{"start":{"line":14,"column":2},"end":{"line":21,"column":8}}},"fnMap":{"0":{"name":"(anonymous_0)","decl":{"start":{"line":13,"column":15},"end":{"line":13,"column":16}},"loc":{"start":{"line":14,"column":2},"end":{"line":21,"column":8}},"line":14}},"branchMap":{},"s":{"0":9,"1":9},"f":{"0":9},"b":{},"_coverageSchema":"43e27e138ebf9cfc5966b082cf9a028302ed4184","hash":"ec16e1deca5cc3fd03c689c139c6060b9b172567"}
,"/Users/christopher/Code/blog/src/components/Layout/index.js": {"path":"/Users/christopher/Code/blog/src/components/Layout/index.js","statementMap":{},"fnMap":{},"branchMap":{},"s":{},"f":{},"b":{},"_coverageSchema":"43e27e138ebf9cfc5966b082cf9a028302ed4184","hash":"0268c969243ff490f058f7e447f6092dc4d6f9b1"}
,"/Users/christopher/Code/blog/src/components/Page/Page.js": {"path":"/Users/christopher/Code/blog/src/components/Page/Page.js","statementMap":{"0":{"start":{"line":9,"column":13},"end":{"line":26,"column":1}},"1":{"start":{"line":10,"column":18},"end":{"line":10,"column":26}},"2":{"start":{"line":12,"column":2},"end":{"line":14,"column":5}},"3":{"start":{"line":13,"column":4},"end":{"line":13,"column":37}},"4":{"start":{"line":16,"column":2},"end":{"line":25,"column":4}}},"fnMap":{"0":{"name":"(anonymous_0)","decl":{"start":{"line":9,"column":13},"end":{"line":9,"column":14}},"loc":{"start":{"line":9,"column":45},"end":{"line":26,"column":1}},"line":9},"1":{"name":"(anonymous_1)","decl":{"start":{"line":12,"column":12},"end":{"line":12,"column":13}},"loc":{"start":{"line":12,"column":18},"end":{"line":14,"column":3}},"line":12}},"branchMap":{"0":{"loc":{"start":{"line":19,"column":10},"end":{"line":19,"column":69}},"type":"binary-expr","locations":[{"start":{"line":19,"column":10},"end":{"line":19,"column":15}},{"start":{"line":19,"column":19},"end":{"line":19,"column":69}}],"line":19}},"s":{"0":8,"1":8,"2":8,"3":0,"4":8},"f":{"0":8,"1":0},"b":{"0":[8,7]},"_coverageSchema":"43e27e138ebf9cfc5966b082cf9a028302ed4184","hash":"fac2bee46a31f293dd05f22e05e9cac98177bf69"}
,"/Users/christopher/Code/blog/src/components/Page/index.js": {"path":"/Users/christopher/Code/blog/src/components/Page/index.js","statementMap":{},"fnMap":{},"branchMap":{},"s":{},"f":{},"b":{},"_coverageSchema":"43e27e138ebf9cfc5966b082cf9a028302ed4184","hash":"8a07f8cc846f7564bef40e8a253af191d11a8e53"}
,"/Users/christopher/Code/blog/src/components/Pagination/Pagination.js": {"path":"/Users/christopher/Code/blog/src/components/Pagination/Pagination.js","statementMap":{"0":{"start":{"line":15,"column":11},"end":{"line":15,"column":34}},"1":{"start":{"line":17,"column":19},"end":{"line":43,"column":1}},"2":{"start":{"line":23,"column":24},"end":{"line":26,"column":4}},"3":{"start":{"line":28,"column":24},"end":{"line":31,"column":4}},"4":{"start":{"line":33,"column":2},"end":{"line":42,"column":4}}},"fnMap":{"0":{"name":"(anonymous_0)","decl":{"start":{"line":17,"column":19},"end":{"line":17,"column":20}},"loc":{"start":{"line":22,"column":13},"end":{"line":43,"column":1}},"line":22}},"branchMap":{},"s":{"0":4,"1":4,"2":4,"3":4,"4":4},"f":{"0":4},"b":{},"_coverageSchema":"43e27e138ebf9cfc5966b082cf9a028302ed4184","hash":"e2532b26f768c189f18aa67b5caab5f724294521"}
,"/Users/christopher/Code/blog/src/components/Pagination/index.js": {"path":"/Users/christopher/Code/blog/src/components/Pagination/index.js","statementMap":{},"fnMap":{},"branchMap":{},"s":{},"f":{},"b":{},"_coverageSchema":"43e27e138ebf9cfc5966b082cf9a028302ed4184","hash":"bd2acb93b2503144c17cea54416335aea47f7d0d"}
,"/Users/christopher/Code/blog/src/components/Post/Post.js": {"path":"/Users/christopher/Code/blog/src/components/Post/Post.js","statementMap":{"0":{"start":{"line":16,"column":13},"end":{"line":40,"column":1}},"1":{"start":{"line":17,"column":19},"end":{"line":17,"column":23}},"2":{"start":{"line":18,"column":29},"end":{"line":18,"column":40}},"3":{"start":{"line":19,"column":32},"end":{"line":19,"column":48}},"4":{"start":{"line":21,"column":2},"end":{"line":39,"column":4}}},"fnMap":{"0":{"name":"(anonymous_0)","decl":{"start":{"line":16,"column":13},"end":{"line":16,"column":14}},"loc":{"start":{"line":16,"column":34},"end":{"line":40,"column":1}},"line":16}},"branchMap":{"0":{"loc":{"start":{"line":31,"column":9},"end":{"line":31,"column":69}},"type":"binary-expr","locations":[{"start":{"line":31,"column":9},"end":{"line":31,"column":13}},{"start":{"line":31,"column":17},"end":{"line":31,"column":25}},{"start":{"line":31,"column":29},"end":{"line":31,"column":69}}],"line":31}},"s":{"0":2,"1":2,"2":2,"3":2,"4":2},"f":{"0":2},"b":{"0":[2,2,2]},"_coverageSchema":"43e27e138ebf9cfc5966b082cf9a028302ed4184","hash":"96adf9f741a261b73cfef78d443b4186d13b2fd8"}
,"/Users/christopher/Code/blog/src/components/Post/index.js": {"path":"/Users/christopher/Code/blog/src/components/Post/index.js","statementMap":{},"fnMap":{},"branchMap":{},"s":{},"f":{},"b":{},"_coverageSchema":"43e27e138ebf9cfc5966b082cf9a028302ed4184","hash":"3b5a9fe2ecff60ade00a341c3c06deeb4f22b531"}
,"/Users/christopher/Code/blog/src/components/Post/Author/Author.js": {"path":"/Users/christopher/Code/blog/src/components/Post/Author/Author.js","statementMap":{"0":{"start":{"line":7,"column":15},"end":{"line":25,"column":1}},"1":{"start":{"line":8,"column":21},"end":{"line":8,"column":38}},"2":{"start":{"line":10,"column":2},"end":{"line":24,"column":4}}},"fnMap":{"0":{"name":"(anonymous_0)","decl":{"start":{"line":7,"column":15},"end":{"line":7,"column":16}},"loc":{"start":{"line":7,"column":21},"end":{"line":25,"column":1}},"line":7}},"branchMap":{},"s":{"0":3,"1":3,"2":3},"f":{"0":3},"b":{},"_coverageSchema":"43e27e138ebf9cfc5966b082cf9a028302ed4184","hash":"d9d0289797f7493d838859dad53fc6ec026d7696"}
,"/Users/christopher/Code/blog/src/components/Post/Author/index.js": {"path":"/Users/christopher/Code/blog/src/components/Post/Author/index.js","statementMap":{},"fnMap":{},"branchMap":{},"s":{},"f":{},"b":{},"_coverageSchema":"43e27e138ebf9cfc5966b082cf9a028302ed4184","hash":"045d523949b261f82da02b3be6551c74153a3764"}
,"/Users/christopher/Code/blog/src/components/Post/Comments/Comments.js": {"path":"/Users/christopher/Code/blog/src/components/Post/Comments/Comments.js","statementMap":{"0":{"start":{"line":11,"column":17},"end":{"line":26,"column":1}},"1":{"start":{"line":12,"column":35},"end":{"line":12,"column":52}},"2":{"start":{"line":14,"column":2},"end":{"line":16,"column":3}},"3":{"start":{"line":15,"column":4},"end":{"line":15,"column":16}},"4":{"start":{"line":18,"column":2},"end":{"line":25,"column":4}}},"fnMap":{"0":{"name":"(anonymous_0)","decl":{"start":{"line":11,"column":17},"end":{"line":11,"column":18}},"loc":{"start":{"line":11,"column":53},"end":{"line":26,"column":1}},"line":11}},"branchMap":{"0":{"loc":{"start":{"line":14,"column":2},"end":{"line":16,"column":3}},"type":"if","locations":[{"start":{"line":14,"column":2},"end":{"line":16,"column":3}},{"start":{"line":14,"column":2},"end":{"line":16,"column":3}}],"line":14}},"s":{"0":3,"1":3,"2":3,"3":3,"4":0},"f":{"0":3},"b":{"0":[3,0]},"_coverageSchema":"43e27e138ebf9cfc5966b082cf9a028302ed4184","hash":"84f26facabcf9396cfd7b1ed524d0438db26f07a"}
,"/Users/christopher/Code/blog/src/components/Post/Comments/index.js": {"path":"/Users/christopher/Code/blog/src/components/Post/Comments/index.js","statementMap":{},"fnMap":{},"branchMap":{},"s":{},"f":{},"b":{},"_coverageSchema":"43e27e138ebf9cfc5966b082cf9a028302ed4184","hash":"7b7f29c646506e6816da3b63fff48066271ca1bf"}
,"/Users/christopher/Code/blog/src/components/Post/Content/Content.js": {"path":"/Users/christopher/Code/blog/src/components/Post/Content/Content.js","statementMap":{"0":{"start":{"line":10,"column":16},"end":{"line":15,"column":1}},"1":{"start":{"line":11,"column":2},"end":{"line":14,"column":8}}},"fnMap":{"0":{"name":"(anonymous_0)","decl":{"start":{"line":10,"column":16},"end":{"line":10,"column":17}},"loc":{"start":{"line":11,"column":2},"end":{"line":14,"column":8}},"line":11}},"branchMap":{},"s":{"0":3,"1":3},"f":{"0":3},"b":{},"_coverageSchema":"43e27e138ebf9cfc5966b082cf9a028302ed4184","hash":"3d489f710e1b4328b30fd2f9b57a8f3fe9fae478"}
,"/Users/christopher/Code/blog/src/components/Post/Content/index.js": {"path":"/Users/christopher/Code/blog/src/components/Post/Content/index.js","statementMap":{},"fnMap":{},"branchMap":{},"s":{},"f":{},"b":{},"_coverageSchema":"43e27e138ebf9cfc5966b082cf9a028302ed4184","hash":"fd69af339753755a3bb73238052c7919ee5172a8"}
,"/Users/christopher/Code/blog/src/components/Post/Meta/Meta.js": {"path":"/Users/christopher/Code/blog/src/components/Post/Meta/Meta.js","statementMap":{"0":{"start":{"line":10,"column":13},"end":{"line":14,"column":1}},"1":{"start":{"line":11,"column":2},"end":{"line":13,"column":8}}},"fnMap":{"0":{"name":"(anonymous_0)","decl":{"start":{"line":10,"column":13},"end":{"line":10,"column":14}},"loc":{"start":{"line":11,"column":2},"end":{"line":13,"column":8}},"line":11}},"branchMap":{},"s":{"0":3,"1":3},"f":{"0":3},"b":{},"_coverageSchema":"43e27e138ebf9cfc5966b082cf9a028302ed4184","hash":"03a1cf3faf6046acf2df18bf9ad0a1579c9db130"}
,"/Users/christopher/Code/blog/src/components/Post/Meta/index.js": {"path":"/Users/christopher/Code/blog/src/components/Post/Meta/index.js","statementMap":{},"fnMap":{},"branchMap":{},"s":{},"f":{},"b":{},"_coverageSchema":"43e27e138ebf9cfc5966b082cf9a028302ed4184","hash":"e2679f96a76ae9c0fbab45922df968d106c8bb1d"}
,"/Users/christopher/Code/blog/src/components/Post/Tags/Tags.js": {"path":"/Users/christopher/Code/blog/src/components/Post/Tags/Tags.js","statementMap":{"0":{"start":{"line":11,"column":13},"end":{"line":23,"column":1}},"1":{"start":{"line":12,"column":2},"end":{"line":22,"column":8}},"2":{"start":{"line":15,"column":8},"end":{"line":19,"column":13}}},"fnMap":{"0":{"name":"(anonymous_0)","decl":{"start":{"line":11,"column":13},"end":{"line":11,"column":14}},"loc":{"start":{"line":12,"column":2},"end":{"line":22,"column":8}},"line":12},"1":{"name":"(anonymous_1)","decl":{"start":{"line":14,"column":32},"end":{"line":14,"column":33}},"loc":{"start":{"line":15,"column":8},"end":{"line":19,"column":13}},"line":15}},"branchMap":{"0":{"loc":{"start":{"line":14,"column":7},"end":{"line":20,"column":8}},"type":"binary-expr","locations":[{"start":{"line":14,"column":7},"end":{"line":14,"column":15}},{"start":{"line":14,"column":19},"end":{"line":20,"column":8}}],"line":14}},"s":{"0":3,"1":3,"2":6},"f":{"0":3,"1":6},"b":{"0":[3,3]},"_coverageSchema":"43e27e138ebf9cfc5966b082cf9a028302ed4184","hash":"8d0453d2a23b36705c0de10910308982ae1a809f"}
,"/Users/christopher/Code/blog/src/components/Post/Tags/index.js": {"path":"/Users/christopher/Code/blog/src/components/Post/Tags/index.js","statementMap":{},"fnMap":{},"branchMap":{},"s":{},"f":{},"b":{},"_coverageSchema":"43e27e138ebf9cfc5966b082cf9a028302ed4184","hash":"2632fad142c7b8219985e90efaa3562ffd30b25e"}
,"/Users/christopher/Code/blog/src/components/Sidebar/Sidebar.js": {"path":"/Users/christopher/Code/blog/src/components/Sidebar/Sidebar.js","statementMap":{"0":{"start":{"line":12,"column":16},"end":{"line":23,"column":1}},"1":{"start":{"line":13,"column":27},"end":{"line":13,"column":44}},"2":{"start":{"line":15,"column":2},"end":{"line":22,"column":4}}},"fnMap":{"0":{"name":"(anonymous_0)","decl":{"start":{"line":12,"column":16},"end":{"line":12,"column":17}},"loc":{"start":{"line":12,"column":40},"end":{"line":23,"column":1}},"line":12}},"branchMap":{},"s":{"0":8,"1":8,"2":8},"f":{"0":8},"b":{},"_coverageSchema":"43e27e138ebf9cfc5966b082cf9a028302ed4184","hash":"53701d4339da5da31defd8de23f4efb4d8a4a032"}
,"/Users/christopher/Code/blog/src/components/Sidebar/index.js": {"path":"/Users/christopher/Code/blog/src/components/Sidebar/index.js","statementMap":{},"fnMap":{},"branchMap":{},"s":{},"f":{},"b":{},"_coverageSchema":"43e27e138ebf9cfc5966b082cf9a028302ed4184","hash":"86f568417c45cf682eab5b5f3cb5a3c016fad328"}
,"/Users/christopher/Code/blog/src/components/Sidebar/Author/Author.js": {"path":"/Users/christopher/Code/blog/src/components/Sidebar/Author/Author.js","statementMap":{"0":{"start":{"line":15,"column":15},"end":{"line":38,"column":1}},"1":{"start":{"line":16,"column":2},"end":{"line":37,"column":8}}},"fnMap":{"0":{"name":"(anonymous_0)","decl":{"start":{"line":15,"column":15},"end":{"line":15,"column":16}},"loc":{"start":{"line":16,"column":2},"end":{"line":37,"column":8}},"line":16}},"branchMap":{"0":{"loc":{"start":{"line":27,"column":6},"end":{"line":35,"column":5}},"type":"cond-expr","locations":[{"start":{"line":28,"column":6},"end":{"line":30,"column":11}},{"start":{"line":32,"column":6},"end":{"line":34,"column":11}}],"line":27}},"s":{"0":9,"1":9},"f":{"0":9},"b":{"0":[2,7]},"_coverageSchema":"43e27e138ebf9cfc5966b082cf9a028302ed4184","hash":"d632f456f9bca1da2f422eaa25d0f085783bdad4"}
,"/Users/christopher/Code/blog/src/components/Sidebar/Author/index.js": {"path":"/Users/christopher/Code/blog/src/components/Sidebar/Author/index.js","statementMap":{},"fnMap":{},"branchMap":{},"s":{},"f":{},"b":{},"_coverageSchema":"43e27e138ebf9cfc5966b082cf9a028302ed4184","hash":"399faa6a53ee6ccf7f8d02a1970ef496feb8b947"}
,"/Users/christopher/Code/blog/src/components/Sidebar/Menu/Menu.js": {"path":"/Users/christopher/Code/blog/src/components/Sidebar/Menu/Menu.js","statementMap":{"0":{"start":{"line":13,"column":13},"end":{"line":29,"column":1}},"1":{"start":{"line":14,"column":2},"end":{"line":28,"column":8}},"2":{"start":{"line":17,"column":8},"end":{"line":25,"column":13}}},"fnMap":{"0":{"name":"(anonymous_0)","decl":{"start":{"line":13,"column":13},"end":{"line":13,"column":14}},"loc":{"start":{"line":14,"column":2},"end":{"line":28,"column":8}},"line":14},"1":{"name":"(anonymous_1)","decl":{"start":{"line":16,"column":16},"end":{"line":16,"column":17}},"loc":{"start":{"line":17,"column":8},"end":{"line":25,"column":13}},"line":17}},"branchMap":{},"s":{"0":9,"1":9,"2":26},"f":{"0":9,"1":26},"b":{},"_coverageSchema":"43e27e138ebf9cfc5966b082cf9a028302ed4184","hash":"d2e31742fadec8edb929886a121f9c8b77d57b92"}
,"/Users/christopher/Code/blog/src/components/Sidebar/Menu/index.js": {"path":"/Users/christopher/Code/blog/src/components/Sidebar/Menu/index.js","statementMap":{},"fnMap":{},"branchMap":{},"s":{},"f":{},"b":{},"_coverageSchema":"43e27e138ebf9cfc5966b082cf9a028302ed4184","hash":"813d931aa46721ee572b3c18852fb4ba5ab29ab5"}
,"/Users/christopher/Code/blog/src/constants/icons.js": {"path":"/Users/christopher/Code/blog/src/constants/icons.js","statementMap":{"0":{"start":{"line":2,"column":14},"end":{"line":19,"column":1}}},"fnMap":{},"branchMap":{},"s":{"0":8},"f":{},"b":{},"_coverageSchema":"43e27e138ebf9cfc5966b082cf9a028302ed4184","hash":"e03873ee3e417b08f5ad48dc9bbeb37d3d42612e"}
,"/Users/christopher/Code/blog/src/constants/index.js": {"path":"/Users/christopher/Code/blog/src/constants/index.js","statementMap":{},"fnMap":{},"branchMap":{},"s":{},"f":{},"b":{},"_coverageSchema":"43e27e138ebf9cfc5966b082cf9a028302ed4184","hash":"71bc059a68f5eaec02c1868bbabf4899d826e14a"}
,"/Users/christopher/Code/blog/src/constants/pagination.js": {"path":"/Users/christopher/Code/blog/src/constants/pagination.js","statementMap":{"0":{"start":{"line":2,"column":19},"end":{"line":5,"column":1}}},"fnMap":{},"branchMap":{},"s":{"0":8},"f":{},"b":{},"_coverageSchema":"43e27e138ebf9cfc5966b082cf9a028302ed4184","hash":"68b0d6e8b69ad0f4cfc4e2ba850048937b2b0b24"}
,"/Users/christopher/Code/blog/src/hooks/index.js": {"path":"/Users/christopher/Code/blog/src/hooks/index.js","statementMap":{},"fnMap":{},"branchMap":{},"s":{},"f":{},"b":{},"_coverageSchema":"43e27e138ebf9cfc5966b082cf9a028302ed4184","hash":"9f961a8028f5b99e344cc4de9de38ed3775d23f1"}
,"/Users/christopher/Code/blog/src/hooks/use-categories-list.js": {"path":"/Users/christopher/Code/blog/src/hooks/use-categories-list.js","statementMap":{"0":{"start":{"line":4,"column":26},"end":{"line":21,"column":1}},"1":{"start":{"line":5,"column":32},"end":{"line":18,"column":3}},"2":{"start":{"line":20,"column":2},"end":{"line":20,"column":33}}},"fnMap":{"0":{"name":"(anonymous_0)","decl":{"start":{"line":4,"column":26},"end":{"line":4,"column":27}},"loc":{"start":{"line":4,"column":32},"end":{"line":21,"column":1}},"line":4}},"branchMap":{},"s":{"0":12,"1":1,"2":1},"f":{"0":1},"b":{},"_coverageSchema":"43e27e138ebf9cfc5966b082cf9a028302ed4184","hash":"ae127740450abc80ef3e35159f7292acc6b32026"}
,"/Users/christopher/Code/blog/src/hooks/use-site-metadata.js": {"path":"/Users/christopher/Code/blog/src/hooks/use-site-metadata.js","statementMap":{"0":{"start":{"line":4,"column":24},"end":{"line":35,"column":1}},"1":{"start":{"line":5,"column":19},"end":{"line":32,"column":3}},"2":{"start":{"line":34,"column":2},"end":{"line":34,"column":27}}},"fnMap":{"0":{"name":"(anonymous_0)","decl":{"start":{"line":4,"column":24},"end":{"line":4,"column":25}},"loc":{"start":{"line":4,"column":30},"end":{"line":35,"column":1}},"line":4}},"branchMap":{},"s":{"0":12,"1":22,"2":22},"f":{"0":22},"b":{},"_coverageSchema":"43e27e138ebf9cfc5966b082cf9a028302ed4184","hash":"3c001574a8d0d5b53c3191d14b2ebadf6845f1de"}
,"/Users/christopher/Code/blog/src/hooks/use-tags-list.js": {"path":"/Users/christopher/Code/blog/src/hooks/use-tags-list.js","statementMap":{"0":{"start":{"line":4,"column":20},"end":{"line":21,"column":1}},"1":{"start":{"line":5,"column":32},"end":{"line":18,"column":3}},"2":{"start":{"line":20,"column":2},"end":{"line":20,"column":33}}},"fnMap":{"0":{"name":"(anonymous_0)","decl":{"start":{"line":4,"column":20},"end":{"line":4,"column":21}},"loc":{"start":{"line":4,"column":26},"end":{"line":21,"column":1}},"line":4}},"branchMap":{},"s":{"0":12,"1":1,"2":1},"f":{"0":1},"b":{},"_coverageSchema":"43e27e138ebf9cfc5966b082cf9a028302ed4184","hash":"e9c6b0dcb726827df6b9657acf102ca1f42259d5"}
,"/Users/christopher/Code/blog/src/templates/categories-list-template.js": {"path":"/Users/christopher/Code/blog/src/templates/categories-list-template.js","statementMap":{"0":{"start":{"line":10,"column":31},"end":{"line":30,"column":1}},"1":{"start":{"line":11,"column":30},"end":{"line":11,"column":47}},"2":{"start":{"line":12,"column":21},"end":{"line":12,"column":40}},"3":{"start":{"line":14,"column":2},"end":{"line":29,"column":4}},"4":{"start":{"line":20,"column":12},"end":{"line":24,"column":17}}},"fnMap":{"0":{"name":"(anonymous_0)","decl":{"start":{"line":10,"column":31},"end":{"line":10,"column":32}},"loc":{"start":{"line":10,"column":37},"end":{"line":30,"column":1}},"line":10},"1":{"name":"(anonymous_1)","decl":{"start":{"line":19,"column":26},"end":{"line":19,"column":27}},"loc":{"start":{"line":20,"column":12},"end":{"line":24,"column":17}},"line":20}},"branchMap":{},"s":{"0":1,"1":1,"2":1,"3":1,"4":2},"f":{"0":1,"1":2},"b":{},"_coverageSchema":"43e27e138ebf9cfc5966b082cf9a028302ed4184","hash":"18b62825ff17c124cee62a524998e46c7f2cf48a"}
,"/Users/christopher/Code/blog/src/templates/category-template.js": {"path":"/Users/christopher/Code/blog/src/templates/category-template.js","statementMap":{"0":{"start":{"line":17,"column":25},"end":{"line":46,"column":1}},"1":{"start":{"line":18,"column":55},"end":{"line":18,"column":72}},"2":{"start":{"line":27,"column":6},"end":{"line":27,"column":17}},"3":{"start":{"line":29,"column":20},"end":{"line":29,"column":42}},"4":{"start":{"line":30,"column":20},"end":{"line":30,"column":119}},"5":{"start":{"line":32,"column":2},"end":{"line":45,"column":4}},"6":{"start":{"line":48,"column":21},"end":{"line":72,"column":1}}},"fnMap":{"0":{"name":"(anonymous_0)","decl":{"start":{"line":17,"column":25},"end":{"line":17,"column":26}},"loc":{"start":{"line":17,"column":59},"end":{"line":46,"column":1}},"line":17}},"branchMap":{"0":{"loc":{"start":{"line":30,"column":20},"end":{"line":30,"column":119}},"type":"cond-expr","locations":[{"start":{"line":30,"column":38},"end":{"line":30,"column":88}},{"start":{"line":30,"column":91},"end":{"line":30,"column":119}}],"line":30}},"s":{"0":1,"1":1,"2":1,"3":1,"4":1,"5":1,"6":1},"f":{"0":1},"b":{"0":[1,0]},"_coverageSchema":"43e27e138ebf9cfc5966b082cf9a028302ed4184","hash":"ffe86be17b3f3f64ba20950d837f83d27e15ef7d"}
,"/Users/christopher/Code/blog/src/templates/index-template.js": {"path":"/Users/christopher/Code/blog/src/templates/index-template.js","statementMap":{"0":{"start":{"line":17,"column":22},"end":{"line":46,"column":1}},"1":{"start":{"line":18,"column":55},"end":{"line":18,"column":72}},"2":{"start":{"line":26,"column":6},"end":{"line":26,"column":17}},"3":{"start":{"line":29,"column":20},"end":{"line":29,"column":42}},"4":{"start":{"line":30,"column":20},"end":{"line":30,"column":94}},"5":{"start":{"line":32,"column":2},"end":{"line":45,"column":4}},"6":{"start":{"line":48,"column":21},"end":{"line":72,"column":1}}},"fnMap":{"0":{"name":"(anonymous_0)","decl":{"start":{"line":17,"column":22},"end":{"line":17,"column":23}},"loc":{"start":{"line":17,"column":56},"end":{"line":46,"column":1}},"line":17}},"branchMap":{"0":{"loc":{"start":{"line":30,"column":20},"end":{"line":30,"column":94}},"type":"cond-expr","locations":[{"start":{"line":30,"column":38},"end":{"line":30,"column":82}},{"start":{"line":30,"column":85},"end":{"line":30,"column":94}}],"line":30}},"s":{"0":1,"1":1,"2":1,"3":1,"4":1,"5":1,"6":1},"f":{"0":1},"b":{"0":[1,0]},"_coverageSchema":"43e27e138ebf9cfc5966b082cf9a028302ed4184","hash":"86664b64810b18232c3805e6c4dfdfe328cabb20"}
,"/Users/christopher/Code/blog/src/templates/not-found-template.js": {"path":"/Users/christopher/Code/blog/src/templates/not-found-template.js","statementMap":{"0":{"start":{"line":8,"column":25},"end":{"line":19,"column":1}},"1":{"start":{"line":9,"column":30},"end":{"line":9,"column":47}},"2":{"start":{"line":11,"column":2},"end":{"line":18,"column":4}}},"fnMap":{"0":{"name":"(anonymous_0)","decl":{"start":{"line":8,"column":25},"end":{"line":8,"column":26}},"loc":{"start":{"line":8,"column":31},"end":{"line":19,"column":1}},"line":8}},"branchMap":{},"s":{"0":1,"1":1,"2":1},"f":{"0":1},"b":{},"_coverageSchema":"43e27e138ebf9cfc5966b082cf9a028302ed4184","hash":"319c85a33b65ebc3cea10eddffea21c02ef9c8b5"}
,"/Users/christopher/Code/blog/src/templates/page-template.js": {"path":"/Users/christopher/Code/blog/src/templates/page-template.js","statementMap":{"0":{"start":{"line":16,"column":21},"end":{"line":30,"column":1}},"1":{"start":{"line":17,"column":55},"end":{"line":17,"column":72}},"2":{"start":{"line":18,"column":29},"end":{"line":18,"column":48}},"3":{"start":{"line":19,"column":61},"end":{"line":19,"column":92}},"4":{"start":{"line":20,"column":26},"end":{"line":20,"column":83}},"5":{"start":{"line":22,"column":2},"end":{"line":29,"column":4}},"6":{"start":{"line":32,"column":21},"end":{"line":44,"column":1}}},"fnMap":{"0":{"name":"(anonymous_0)","decl":{"start":{"line":16,"column":21},"end":{"line":16,"column":22}},"loc":{"start":{"line":16,"column":42},"end":{"line":30,"column":1}},"line":16}},"branchMap":{"0":{"loc":{"start":{"line":20,"column":26},"end":{"line":20,"column":83}},"type":"cond-expr","locations":[{"start":{"line":20,"column":53},"end":{"line":20,"column":68}},{"start":{"line":20,"column":71},"end":{"line":20,"column":83}}],"line":20}},"s":{"0":1,"1":1,"2":1,"3":1,"4":1,"5":1,"6":1},"f":{"0":1},"b":{"0":[1,0]},"_coverageSchema":"43e27e138ebf9cfc5966b082cf9a028302ed4184","hash":"0c4411f41183a762930a640063136e6dfeca60d6"}
,"/Users/christopher/Code/blog/src/templates/post-template.js": {"path":"/Users/christopher/Code/blog/src/templates/post-template.js","statementMap":{"0":{"start":{"line":12,"column":21},"end":{"line":22,"column":1}},"1":{"start":{"line":13,"column":55},"end":{"line":13,"column":72}},"2":{"start":{"line":14,"column":61},"end":{"line":14,"column":92}},"3":{"start":{"line":15,"column":26},"end":{"line":15,"column":83}},"4":{"start":{"line":17,"column":2},"end":{"line":21,"column":4}},"5":{"start":{"line":25,"column":21},"end":{"line":42,"column":1}}},"fnMap":{"0":{"name":"(anonymous_0)","decl":{"start":{"line":12,"column":21},"end":{"line":12,"column":22}},"loc":{"start":{"line":12,"column":42},"end":{"line":22,"column":1}},"line":12}},"branchMap":{"0":{"loc":{"start":{"line":15,"column":26},"end":{"line":15,"column":83}},"type":"cond-expr","locations":[{"start":{"line":15,"column":53},"end":{"line":15,"column":68}},{"start":{"line":15,"column":71},"end":{"line":15,"column":83}}],"line":15}},"s":{"0":1,"1":1,"2":1,"3":1,"4":1,"5":1},"f":{"0":1},"b":{"0":[1,0]},"_coverageSchema":"43e27e138ebf9cfc5966b082cf9a028302ed4184","hash":"40cbd8ab77a235aa740c70323d6ff5252b238fef"}
,"/Users/christopher/Code/blog/src/templates/tag-template.js": {"path":"/Users/christopher/Code/blog/src/templates/tag-template.js","statementMap":{"0":{"start":{"line":17,"column":20},"end":{"line":46,"column":1}},"1":{"start":{"line":18,"column":55},"end":{"line":18,"column":72}},"2":{"start":{"line":27,"column":6},"end":{"line":27,"column":17}},"3":{"start":{"line":29,"column":20},"end":{"line":29,"column":42}},"4":{"start":{"line":30,"column":20},"end":{"line":30,"column":153}},"5":{"start":{"line":32,"column":2},"end":{"line":45,"column":4}},"6":{"start":{"line":48,"column":21},"end":{"line":78,"column":1}}},"fnMap":{"0":{"name":"(anonymous_0)","decl":{"start":{"line":17,"column":20},"end":{"line":17,"column":21}},"loc":{"start":{"line":17,"column":54},"end":{"line":46,"column":1}},"line":17}},"branchMap":{"0":{"loc":{"start":{"line":30,"column":20},"end":{"line":30,"column":153}},"type":"cond-expr","locations":[{"start":{"line":30,"column":38},"end":{"line":30,"column":105}},{"start":{"line":30,"column":108},"end":{"line":30,"column":153}}],"line":30}},"s":{"0":1,"1":1,"2":1,"3":1,"4":1,"5":1,"6":1},"f":{"0":1},"b":{"0":[1,0]},"_coverageSchema":"43e27e138ebf9cfc5966b082cf9a028302ed4184","hash":"5eea2f1587ed1bf719137afbb23e18c557f2674a"}
,"/Users/christopher/Code/blog/src/templates/tags-list-template.js": {"path":"/Users/christopher/Code/blog/src/templates/tags-list-template.js","statementMap":{"0":{"start":{"line":10,"column":25},"end":{"line":30,"column":1}},"1":{"start":{"line":11,"column":30},"end":{"line":11,"column":47}},"2":{"start":{"line":12,"column":15},"end":{"line":12,"column":28}},"3":{"start":{"line":14,"column":2},"end":{"line":29,"column":4}},"4":{"start":{"line":20,"column":12},"end":{"line":24,"column":17}}},"fnMap":{"0":{"name":"(anonymous_0)","decl":{"start":{"line":10,"column":25},"end":{"line":10,"column":26}},"loc":{"start":{"line":10,"column":31},"end":{"line":30,"column":1}},"line":10},"1":{"name":"(anonymous_1)","decl":{"start":{"line":19,"column":20},"end":{"line":19,"column":21}},"loc":{"start":{"line":20,"column":12},"end":{"line":24,"column":17}},"line":20}},"branchMap":{},"s":{"0":1,"1":1,"2":1,"3":1,"4":2},"f":{"0":1,"1":2},"b":{},"_coverageSchema":"43e27e138ebf9cfc5966b082cf9a028302ed4184","hash":"c2657a9dabad45c053a0bf138ab36d32d50c107e"}
,"/Users/christopher/Code/blog/src/utils/get-contact-href.js": {"path":"/Users/christopher/Code/blog/src/utils/get-contact-href.js","statementMap":{"0":{"start":{"line":2,"column":23},"end":{"line":24,"column":1}},"1":{"start":{"line":5,"column":2},"end":{"line":21,"column":3}},"2":{"start":{"line":7,"column":6},"end":{"line":7,"column":50}},"3":{"start":{"line":8,"column":6},"end":{"line":8,"column":12}},"4":{"start":{"line":10,"column":6},"end":{"line":10,"column":45}},"5":{"start":{"line":11,"column":6},"end":{"line":11,"column":12}},"6":{"start":{"line":13,"column":6},"end":{"line":13,"column":41}},"7":{"start":{"line":14,"column":6},"end":{"line":14,"column":12}},"8":{"start":{"line":16,"column":6},"end":{"line":16,"column":33}},"9":{"start":{"line":17,"column":6},"end":{"line":17,"column":12}},"10":{"start":{"line":19,"column":6},"end":{"line":19,"column":21}},"11":{"start":{"line":20,"column":6},"end":{"line":20,"column":12}},"12":{"start":{"line":23,"column":2},"end":{"line":23,"column":14}}},"fnMap":{"0":{"name":"(anonymous_0)","decl":{"start":{"line":2,"column":23},"end":{"line":2,"column":24}},"loc":{"start":{"line":2,"column":58},"end":{"line":24,"column":1}},"line":2}},"branchMap":{"0":{"loc":{"start":{"line":5,"column":2},"end":{"line":21,"column":3}},"type":"switch","locations":[{"start":{"line":6,"column":4},"end":{"line":8,"column":12}},{"start":{"line":9,"column":4},"end":{"line":11,"column":12}},{"start":{"line":12,"column":4},"end":{"line":14,"column":12}},{"start":{"line":15,"column":4},"end":{"line":17,"column":12}},{"start":{"line":18,"column":4},"end":{"line":20,"column":12}}],"line":5}},"s":{"0":4,"1":6,"2":4,"3":4,"4":1,"5":1,"6":0,"7":0,"8":1,"9":1,"10":0,"11":0,"12":6},"f":{"0":6},"b":{"0":[4,1,0,1,0]},"_coverageSchema":"43e27e138ebf9cfc5966b082cf9a028302ed4184","hash":"5211d9b8d7fe8fcb7cf6fccb69cfcf95dc5a587d"}
,"/Users/christopher/Code/blog/src/utils/get-icon.js": {"path":"/Users/christopher/Code/blog/src/utils/get-icon.js","statementMap":{"0":{"start":{"line":4,"column":16},"end":{"line":23,"column":1}},"1":{"start":{"line":7,"column":2},"end":{"line":20,"column":3}},"2":{"start":{"line":9,"column":6},"end":{"line":9,"column":27}},"3":{"start":{"line":10,"column":6},"end":{"line":10,"column":12}},"4":{"start":{"line":12,"column":6},"end":{"line":12,"column":26}},"5":{"start":{"line":13,"column":6},"end":{"line":13,"column":12}},"6":{"start":{"line":15,"column":6},"end":{"line":15,"column":25}},"7":{"start":{"line":16,"column":6},"end":{"line":16,"column":12}},"8":{"start":{"line":18,"column":6},"end":{"line":18,"column":16}},"9":{"start":{"line":19,"column":6},"end":{"line":19,"column":12}},"10":{"start":{"line":22,"column":2},"end":{"line":22,"column":14}}},"fnMap":{"0":{"name":"(anonymous_0)","decl":{"start":{"line":4,"column":16},"end":{"line":4,"column":17}},"loc":{"start":{"line":4,"column":34},"end":{"line":23,"column":1}},"line":4}},"branchMap":{"0":{"loc":{"start":{"line":7,"column":2},"end":{"line":20,"column":3}},"type":"switch","locations":[{"start":{"line":8,"column":4},"end":{"line":10,"column":12}},{"start":{"line":11,"column":4},"end":{"line":13,"column":12}},{"start":{"line":14,"column":4},"end":{"line":16,"column":12}},{"start":{"line":17,"column":4},"end":{"line":19,"column":12}}],"line":7}},"s":{"0":4,"1":3,"2":1,"3":1,"4":1,"5":1,"6":1,"7":1,"8":0,"9":0,"10":3},"f":{"0":3},"b":{"0":[1,1,1,0]},"_coverageSchema":"43e27e138ebf9cfc5966b082cf9a028302ed4184","hash":"0f16ac456ab1ef854786d874f8f7174701917d6a"}
,"/Users/christopher/Code/blog/src/utils/index.js": {"path":"/Users/christopher/Code/blog/src/utils/index.js","statementMap":{},"fnMap":{},"branchMap":{},"s":{},"f":{},"b":{},"_coverageSchema":"43e27e138ebf9cfc5966b082cf9a028302ed4184","hash":"399640ca7e119f6f5a626538069a3cd4f3b47499"}
}
