TN:
SF:/Users/christopher/Code/blog/jest/__fixtures__/all-markdown-remark.js
FNF:0
FNH:0
DA:3,5
LF:1
LH:1
BRF:0
BRH:0
end_of_record
TN:
SF:/Users/christopher/Code/blog/jest/__fixtures__/markdown-remark.js
FNF:0
FNH:0
DA:3,2
LF:1
LH:1
BRF:0
BRH:0
end_of_record
TN:
SF:/Users/christopher/Code/blog/jest/__fixtures__/page-context.js
FNF:0
FNH:0
DA:3,3
LF:1
LH:1
BRF:0
BRH:0
end_of_record
TN:
SF:/Users/christopher/Code/blog/jest/__fixtures__/site-metadata.js
FNF:0
FNH:0
DA:3,12
LF:1
LH:1
BRF:0
BRH:0
end_of_record
TN:
SF:/Users/christopher/Code/blog/src/components/Feed/Feed.js
FN:12,(anonymous_0)
FN:14,(anonymous_1)
FNF:2
FNH:2
FNDA:4,(anonymous_0)
FNDA:8,(anonymous_1)
DA:12,4
DA:13,4
DA:15,8
LF:3
LH:3
BRF:0
BRH:0
end_of_record
TN:
SF:/Users/christopher/Code/blog/src/components/Feed/index.js
FNF:0
FNH:0
LF:0
LH:0
BRF:0
BRH:0
end_of_record
TN:
SF:/Users/christopher/Code/blog/src/components/Icon/Icon.js
FN:12,(anonymous_0)
FNF:1
FNH:1
FNDA:1,(anonymous_0)
DA:12,1
DA:13,1
LF:2
LH:2
BRF:0
BRH:0
end_of_record
TN:
SF:/Users/christopher/Code/blog/src/components/Layout/Layout.js
FN:13,(anonymous_0)
FNF:1
FNH:1
FNDA:9,(anonymous_0)
DA:13,9
DA:14,9
LF:2
LH:2
BRF:0
BRH:0
end_of_record
TN:
SF:/Users/christopher/Code/blog/src/components/Layout/index.js
FNF:0
FNH:0
LF:0
LH:0
BRF:0
BRH:0
end_of_record
TN:
SF:/Users/christopher/Code/blog/src/components/Page/Page.js
FN:9,(anonymous_0)
FN:12,(anonymous_1)
FNF:2
FNH:1
FNDA:8,(anonymous_0)
FNDA:0,(anonymous_1)
DA:9,8
DA:10,8
DA:12,8
DA:13,0
DA:16,8
LF:5
LH:4
BRDA:19,0,0,8
BRDA:19,0,1,7
BRF:2
BRH:2
end_of_record
TN:
SF:/Users/christopher/Code/blog/src/components/Page/index.js
FNF:0
FNH:0
LF:0
LH:0
BRF:0
BRH:0
end_of_record
TN:
SF:/Users/christopher/Code/blog/src/components/Pagination/Pagination.js
FN:17,(anonymous_0)
FNF:1
FNH:1
FNDA:4,(anonymous_0)
DA:15,4
DA:17,4
DA:23,4
DA:28,4
DA:33,4
LF:5
LH:5
BRF:0
BRH:0
end_of_record
TN:
SF:/Users/christopher/Code/blog/src/components/Pagination/index.js
FNF:0
FNH:0
LF:0
LH:0
BRF:0
BRH:0
end_of_record
TN:
SF:/Users/christopher/Code/blog/src/components/Post/Post.js
FN:16,(anonymous_0)
FNF:1
FNH:1
FNDA:2,(anonymous_0)
DA:16,2
DA:17,2
DA:18,2
DA:19,2
DA:21,2
LF:5
LH:5
BRDA:31,0,0,2
BRDA:31,0,1,2
BRDA:31,0,2,2
BRF:3
BRH:3
end_of_record
TN:
SF:/Users/christopher/Code/blog/src/components/Post/index.js
FNF:0
FNH:0
LF:0
LH:0
BRF:0
BRH:0
end_of_record
TN:
SF:/Users/christopher/Code/blog/src/components/Post/Author/Author.js
FN:7,(anonymous_0)
FNF:1
FNH:1
FNDA:3,(anonymous_0)
DA:7,3
DA:8,3
DA:10,3
LF:3
LH:3
BRF:0
BRH:0
end_of_record
TN:
SF:/Users/christopher/Code/blog/src/components/Post/Author/index.js
FNF:0
FNH:0
LF:0
LH:0
BRF:0
BRH:0
end_of_record
TN:
SF:/Users/christopher/Code/blog/src/components/Post/Comments/Comments.js
FN:11,(anonymous_0)
FNF:1
FNH:1
FNDA:3,(anonymous_0)
DA:11,3
DA:12,3
DA:14,3
DA:15,3
DA:18,0
LF:5
LH:4
BRDA:14,0,0,3
BRDA:14,0,1,0
BRF:2
BRH:1
end_of_record
TN:
SF:/Users/christopher/Code/blog/src/components/Post/Comments/index.js
FNF:0
FNH:0
LF:0
LH:0
BRF:0
BRH:0
end_of_record
TN:
SF:/Users/christopher/Code/blog/src/components/Post/Content/Content.js
FN:10,(anonymous_0)
FNF:1
FNH:1
FNDA:3,(anonymous_0)
DA:10,3
DA:11,3
LF:2
LH:2
BRF:0
BRH:0
end_of_record
TN:
SF:/Users/christopher/Code/blog/src/components/Post/Content/index.js
FNF:0
FNH:0
LF:0
LH:0
BRF:0
BRH:0
end_of_record
TN:
SF:/Users/christopher/Code/blog/src/components/Post/Meta/Meta.js
FN:10,(anonymous_0)
FNF:1
FNH:1
FNDA:3,(anonymous_0)
DA:10,3
DA:11,3
LF:2
LH:2
BRF:0
BRH:0
end_of_record
TN:
SF:/Users/christopher/Code/blog/src/components/Post/Meta/index.js
FNF:0
FNH:0
LF:0
LH:0
BRF:0
BRH:0
end_of_record
TN:
SF:/Users/christopher/Code/blog/src/components/Post/Tags/Tags.js
FN:11,(anonymous_0)
FN:14,(anonymous_1)
FNF:2
FNH:2
FNDA:3,(anonymous_0)
FNDA:6,(anonymous_1)
DA:11,3
DA:12,3
DA:15,6
LF:3
LH:3
BRDA:14,0,0,3
BRDA:14,0,1,3
BRF:2
BRH:2
end_of_record
TN:
SF:/Users/christopher/Code/blog/src/components/Post/Tags/index.js
FNF:0
FNH:0
LF:0
LH:0
BRF:0
BRH:0
end_of_record
TN:
SF:/Users/christopher/Code/blog/src/components/Sidebar/Sidebar.js
FN:12,(anonymous_0)
FNF:1
FNH:1
FNDA:8,(anonymous_0)
DA:12,8
DA:13,8
DA:15,8
LF:3
LH:3
BRF:0
BRH:0
end_of_record
TN:
SF:/Users/christopher/Code/blog/src/components/Sidebar/index.js
FNF:0
FNH:0
LF:0
LH:0
BRF:0
BRH:0
end_of_record
TN:
SF:/Users/christopher/Code/blog/src/components/Sidebar/Author/Author.js
FN:15,(anonymous_0)
FNF:1
FNH:1
FNDA:9,(anonymous_0)
DA:15,9
DA:16,9
LF:2
LH:2
BRDA:27,0,0,2
BRDA:27,0,1,7
BRF:2
BRH:2
end_of_record
TN:
SF:/Users/christopher/Code/blog/src/components/Sidebar/Author/index.js
FNF:0
FNH:0
LF:0
LH:0
BRF:0
BRH:0
end_of_record
TN:
SF:/Users/christopher/Code/blog/src/components/Sidebar/Menu/Menu.js
FN:13,(anonymous_0)
FN:16,(anonymous_1)
FNF:2
FNH:2
FNDA:9,(anonymous_0)
FNDA:26,(anonymous_1)
DA:13,9
DA:14,9
DA:17,26
LF:3
LH:3
BRF:0
BRH:0
end_of_record
TN:
SF:/Users/christopher/Code/blog/src/components/Sidebar/Menu/index.js
FNF:0
FNH:0
LF:0
LH:0
BRF:0
BRH:0
end_of_record
TN:
SF:/Users/christopher/Code/blog/src/constants/icons.js
FNF:0
FNH:0
DA:2,8
LF:1
LH:1
BRF:0
BRH:0
end_of_record
TN:
SF:/Users/christopher/Code/blog/src/constants/index.js
FNF:0
FNH:0
LF:0
LH:0
BRF:0
BRH:0
end_of_record
TN:
SF:/Users/christopher/Code/blog/src/constants/pagination.js
FNF:0
FNH:0
DA:2,8
LF:1
LH:1
BRF:0
BRH:0
end_of_record
TN:
SF:/Users/christopher/Code/blog/src/hooks/index.js
FNF:0
FNH:0
LF:0
LH:0
BRF:0
BRH:0
end_of_record
TN:
SF:/Users/christopher/Code/blog/src/hooks/use-categories-list.js
FN:4,(anonymous_0)
FNF:1
FNH:1
FNDA:1,(anonymous_0)
DA:4,12
DA:5,1
DA:20,1
LF:3
LH:3
BRF:0
BRH:0
end_of_record
TN:
SF:/Users/christopher/Code/blog/src/hooks/use-site-metadata.js
FN:4,(anonymous_0)
FNF:1
FNH:1
FNDA:22,(anonymous_0)
DA:4,12
DA:5,22
DA:34,22
LF:3
LH:3
BRF:0
BRH:0
end_of_record
TN:
SF:/Users/christopher/Code/blog/src/hooks/use-tags-list.js
FN:4,(anonymous_0)
FNF:1
FNH:1
FNDA:1,(anonymous_0)
DA:4,12
DA:5,1
DA:20,1
LF:3
LH:3
BRF:0
BRH:0
end_of_record
TN:
SF:/Users/christopher/Code/blog/src/templates/categories-list-template.js
FN:10,(anonymous_0)
FN:19,(anonymous_1)
FNF:2
FNH:2
FNDA:1,(anonymous_0)
FNDA:2,(anonymous_1)
DA:10,1
DA:11,1
DA:12,1
DA:14,1
DA:20,2
LF:5
LH:5
BRF:0
BRH:0
end_of_record
TN:
SF:/Users/christopher/Code/blog/src/templates/category-template.js
FN:17,(anonymous_0)
FNF:1
FNH:1
FNDA:1,(anonymous_0)
DA:17,1
DA:18,1
DA:27,1
DA:29,1
DA:30,1
DA:32,1
DA:48,1
LF:7
LH:7
BRDA:30,0,0,1
BRDA:30,0,1,0
BRF:2
BRH:1
end_of_record
TN:
SF:/Users/christopher/Code/blog/src/templates/index-template.js
FN:17,(anonymous_0)
FNF:1
FNH:1
FNDA:1,(anonymous_0)
DA:17,1
DA:18,1
DA:26,1
DA:29,1
DA:30,1
DA:32,1
DA:48,1
LF:7
LH:7
BRDA:30,0,0,1
BRDA:30,0,1,0
BRF:2
BRH:1
end_of_record
TN:
SF:/Users/christopher/Code/blog/src/templates/not-found-template.js
FN:8,(anonymous_0)
FNF:1
FNH:1
FNDA:1,(anonymous_0)
DA:8,1
DA:9,1
DA:11,1
LF:3
LH:3
BRF:0
BRH:0
end_of_record
TN:
SF:/Users/christopher/Code/blog/src/templates/page-template.js
FN:16,(anonymous_0)
FNF:1
FNH:1
FNDA:1,(anonymous_0)
DA:16,1
DA:17,1
DA:18,1
DA:19,1
DA:20,1
DA:22,1
DA:32,1
LF:7
LH:7
BRDA:20,0,0,1
BRDA:20,0,1,0
BRF:2
BRH:1
end_of_record
TN:
SF:/Users/christopher/Code/blog/src/templates/post-template.js
FN:12,(anonymous_0)
FNF:1
FNH:1
FNDA:1,(anonymous_0)
DA:12,1
DA:13,1
DA:14,1
DA:15,1
DA:17,1
DA:25,1
LF:6
LH:6
BRDA:15,0,0,1
BRDA:15,0,1,0
BRF:2
BRH:1
end_of_record
TN:
SF:/Users/christopher/Code/blog/src/templates/tag-template.js
FN:17,(anonymous_0)
FNF:1
FNH:1
FNDA:1,(anonymous_0)
DA:17,1
DA:18,1
DA:27,1
DA:29,1
DA:30,1
DA:32,1
DA:48,1
LF:7
LH:7
BRDA:30,0,0,1
BRDA:30,0,1,0
BRF:2
BRH:1
end_of_record
TN:
SF:/Users/christopher/Code/blog/src/templates/tags-list-template.js
FN:10,(anonymous_0)
FN:19,(anonymous_1)
FNF:2
FNH:2
FNDA:1,(anonymous_0)
FNDA:2,(anonymous_1)
DA:10,1
DA:11,1
DA:12,1
DA:14,1
DA:20,2
LF:5
LH:5
BRF:0
BRH:0
end_of_record
TN:
SF:/Users/christopher/Code/blog/src/utils/get-contact-href.js
FN:2,(anonymous_0)
FNF:1
FNH:1
FNDA:6,(anonymous_0)
DA:2,4
DA:5,6
DA:7,4
DA:8,4
DA:10,1
DA:11,1
DA:13,0
DA:14,0
DA:16,1
DA:17,1
DA:19,0
DA:20,0
DA:23,6
LF:13
LH:9
BRDA:5,0,0,4
BRDA:5,0,1,1
BRDA:5,0,2,0
BRDA:5,0,3,1
BRDA:5,0,4,0
BRF:5
BRH:3
end_of_record
TN:
SF:/Users/christopher/Code/blog/src/utils/get-icon.js
FN:4,(anonymous_0)
FNF:1
FNH:1
FNDA:3,(anonymous_0)
DA:4,4
DA:7,3
DA:9,1
DA:10,1
DA:12,1
DA:13,1
DA:15,1
DA:16,1
DA:18,0
DA:19,0
DA:22,3
LF:11
LH:9
BRDA:7,0,0,1
BRDA:7,0,1,1
BRDA:7,0,2,1
BRDA:7,0,3,0
BRF:4
BRH:3
end_of_record
TN:
SF:/Users/christopher/Code/blog/src/utils/index.js
FNF:0
FNH:0
LF:0
LH:0
BRF:0
BRH:0
end_of_record
